Start testing: Apr 23 16:40 MDT
----------------------------------------------------------
1/1 Testing: gain-vst-tests
1/1 Test: gain-vst-tests
Command: "/Users/jason/Documents/dev/gain-vst/build/gain-vst-tests_artefacts/gain-vst-tests"
Directory: /Users/jason/Documents/dev/gain-vst/build
"gain-vst-tests" start time: Apr 23 16:40 MDT
Output:
----------------------------------------------------------
Randomness seeded to: 2822202025
===============================================================================
All tests passed (4103 assertions in 3 test cases)

<end of output>
Test time =   1.46 sec
----------------------------------------------------------
Test Passed.
"gain-vst-tests" end time: Apr 23 16:40 MDT
"gain-vst-tests" time elapsed: 00:00:01
----------------------------------------------------------

End testing: Apr 23 16:40 MDT
